SecondHandMarket_Android/app/build/intermediates/manifest_merge_blame_file/debug/processDebugMainManifest/manifest-merger-blame-debug-report.txt
1<?xml version="1.0" encoding="utf-8"?>
2<manifest xmlns:android="http://schemas.android.com/apk/res/android"
3    package="com.example.secondhandmarket"
4    android:versionCode="1"
5    android:versionName="1.0" >
6
7    <uses-sdk
8        android:minSdkVersion="24"
9        android:targetSdkVersion="36" />
10
11    <!-- 网络权限：JDBC连接MySQL数据库需要 -->
12    <uses-permission android:name="android.permission.INTERNET" />
12-->src\main\AndroidManifest.xml:6:5-67
12-->src\main\AndroidManifest.xml:6:22-64
13    <uses-permission android:name="android.permission.ACCESS_NETWORK_STATE" />
13-->src\main\AndroidManifest.xml:7:5-79
13-->src\main\AndroidManifest.xml:7:22-76
14
15    <permission
15-->[androidx.core:core:1.17.0] AndroidManifest.xml:22:5-24:47
16        android:name="com.example.secondhandmarket.DYNAMIC_RECEIVER_NOT_EXPORTED_PERMISSION"
16-->[androidx.core:core:1.17.0] AndroidManifest.xml:23:9-81
17        android:protectionLevel="signature" />
17-->[androidx.core:core:1.17.0] AndroidManifest.xml:24:9-44
18
19    <uses-permission android:name="com.example.secondhandmarket.DYNAMIC_RECEIVER_NOT_EXPORTED_PERMISSION" />
19-->[androidx.core:core:1.17.0] AndroidManifest.xml:26:5-97
19-->[androidx.core:core:1.17.0] AndroidManifest.xml:26:22-94
20
21    <application
21-->src\main\AndroidManifest.xml:9:5-83:19
22        android:allowBackup="true"
22-->src\main\AndroidManifest.xml:10:9-35
23        android:appComponentFactory="androidx.core.app.CoreComponentFactory"
23-->[androidx.core:core:1.17.0] AndroidManifest.xml:28:18-86
24        android:dataExtractionRules="@xml/data_extraction_rules"
24-->src\main\AndroidManifest.xml:11:9-65
25        android:debuggable="true"
26        android:extractNativeLibs="false"
27        android:fullBackupContent="@xml/backup_rules"
27-->src\main\AndroidManifest.xml:12:9-54
28        android:hardwareAccelerated="true"
28-->src\main\AndroidManifest.xml:13:9-43
29        android:icon="@mipmap/ic_launcher"
29-->src\main\AndroidManifest.xml:14:9-43
30        android:label="@string/app_name"
30-->src\main\AndroidManifest.xml:15:9-41
31        android:largeHeap="true"
31-->src\main\AndroidManifest.xml:16:9-33
32        android:roundIcon="@mipmap/ic_launcher"
32-->src\main\AndroidManifest.xml:17:9-48
33        android:supportsRtl="true"
33-->src\main\AndroidManifest.xml:18:9-35
34        android:theme="@style/Theme.SecondHandMarket" >
34-->src\main\AndroidManifest.xml:19:9-54
35        <activity
35-->src\main\AndroidManifest.xml:21:9-24:61
36            android:name="com.example.secondhandmarket.MainActivity"
36-->src\main\AndroidManifest.xml:22:13-41
37            android:exported="true"
37-->src\main\AndroidManifest.xml:23:13-36
38            android:theme="@style/Theme.SecondHandMarket" />
38-->src\main\AndroidManifest.xml:24:13-58
39        <activity
39-->src\main\AndroidManifest.xml:25:9-33:20
40            android:name="com.example.secondhandmarket.ui.LoginActivity"
40-->src\main\AndroidManifest.xml:26:13-45
41            android:exported="true"
41-->src\main\AndroidManifest.xml:27:13-36
42            android:theme="@style/Theme.SecondHandMarket" >
42-->src\main\AndroidManifest.xml:28:13-58
43            <intent-filter>
43-->src\main\AndroidManifest.xml:29:13-32:29
44                <action android:name="android.intent.action.MAIN" />
44-->src\main\AndroidManifest.xml:30:17-69
44-->src\main\AndroidManifest.xml:30:25-66
45
46                <category android:name="android.intent.category.LAUNCHER" />
46-->src\main\AndroidManifest.xml:31:17-77
46-->src\main\AndroidManifest.xml:31:27-74
47            </intent-filter>
48        </activity>
49        <activity
49-->src\main\AndroidManifest.xml:34:9-37:61
50            android:name="com.example.secondhandmarket.ui.RegisterActivity"
50-->src\main\AndroidManifest.xml:35:13-48
51            android:exported="false"
51-->src\main\AndroidManifest.xml:36:13-37
52            android:theme="@style/Theme.SecondHandMarket" />
52-->src\main\AndroidManifest.xml:37:13-58
53        <activity
53-->src\main\AndroidManifest.xml:38:9-41:61
54            android:name="com.example.secondhandmarket.ui.ItemsListActivity"
54-->src\main\AndroidManifest.xml:39:13-49
55            android:exported="false"
55-->src\main\AndroidManifest.xml:40:13-37
56            android:theme="@style/Theme.SecondHandMarket" />
56-->src\main\AndroidManifest.xml:41:13-58
57        <activity
57-->src\main\AndroidManifest.xml:42:9-45:61
58            android:name="com.example.secondhandmarket.ui.ProfileActivity"
58-->src\main\AndroidManifest.xml:43:13-47
59            android:exported="false"
59-->src\main\AndroidManifest.xml:44:13-37
60            android:theme="@style/Theme.SecondHandMarket" />
60-->src\main\AndroidManifest.xml:45:13-58
61        <activity
61-->src\main\AndroidManifest.xml:46:9-49:61
62            android:name="com.example.secondhandmarket.ui.PublishItemActivity"
62-->src\main\AndroidManifest.xml:47:13-51
63            android:exported="false"
63-->src\main\AndroidManifest.xml:48:13-37
64            android:theme="@style/Theme.SecondHandMarket" />
64-->src\main\AndroidManifest.xml:49:13-58
65        <activity
65-->src\main\AndroidManifest.xml:50:9-53:61
66            android:name="com.example.secondhandmarket.ui.OrdersActivity"
66-->src\main\AndroidManifest.xml:51:13-46
67            android:exported="false"
67-->src\main\AndroidManifest.xml:52:13-37
68            android:theme="@style/Theme.SecondHandMarket" />
68-->src\main\AndroidManifest.xml:53:13-58
69        <activity
69-->src\main\AndroidManifest.xml:54:9-57:61
70            android:name="com.example.secondhandmarket.ui.CategoryFilterActivity"
70-->src\main\AndroidManifest.xml:55:13-54
71            android:exported="false"
71-->src\main\AndroidManifest.xml:56:13-37
72            android:theme="@style/Theme.SecondHandMarket" />
72-->src\main\AndroidManifest.xml:57:13-58
73        <activity
73-->src\main\AndroidManifest.xml:58:9-61:61
74            android:name="com.example.secondhandmarket.ItemDetailActivity"
74-->src\main\AndroidManifest.xml:59:13-47
75            android:exported="false"
75-->src\main\AndroidManifest.xml:60:13-37
76            android:theme="@style/Theme.SecondHandMarket" />
76-->src\main\AndroidManifest.xml:61:13-58
77        <activity
77-->src\main\AndroidManifest.xml:62:9-65:61
78            android:name="com.example.secondhandmarket.ui.FavoritesActivity"
78-->src\main\AndroidManifest.xml:63:13-49
79            android:exported="false"
79-->src\main\AndroidManifest.xml:64:13-37
80            android:theme="@style/Theme.SecondHandMarket" />
80-->src\main\AndroidManifest.xml:65:13-58
81        <activity
81-->src\main\AndroidManifest.xml:66:9-69:61
82            android:name="com.example.secondhandmarket.ChatActivity"
82-->src\main\AndroidManifest.xml:67:13-41
83            android:exported="false"
83-->src\main\AndroidManifest.xml:68:13-37
84            android:theme="@style/Theme.SecondHandMarket" />
84-->src\main\AndroidManifest.xml:69:13-58
85        <activity
85-->src\main\AndroidManifest.xml:70:9-73:61
86            android:name="com.example.secondhandmarket.ui.EditProfileActivity"
86-->src\main\AndroidManifest.xml:71:13-51
87            android:exported="false"
87-->src\main\AndroidManifest.xml:72:13-37
88            android:theme="@style/Theme.SecondHandMarket" />
88-->src\main\AndroidManifest.xml:73:13-58
89        <activity
89-->src\main\AndroidManifest.xml:74:9-77:61
90            android:name="com.example.secondhandmarket.SettingsActivity"
90-->src\main\AndroidManifest.xml:75:13-45
91            android:exported="false"
91-->src\main\AndroidManifest.xml:76:13-37
92            android:theme="@style/Theme.SecondHandMarket" />
92-->src\main\AndroidManifest.xml:77:13-58
93        <activity
93-->src\main\AndroidManifest.xml:79:9-82:61
94            android:name="com.example.secondhandmarket.ui.DatabaseTestActivity"
94-->src\main\AndroidManifest.xml:80:13-52
95            android:exported="false"
95-->src\main\AndroidManifest.xml:81:13-37
96            android:theme="@style/Theme.SecondHandMarket" />
96-->src\main\AndroidManifest.xml:82:13-58
97
98        <provider
98-->[androidx.emoji2:emoji2:1.3.0] AndroidManifest.xml:24:9-32:20
99            android:name="androidx.startup.InitializationProvider"
99-->[androidx.emoji2:emoji2:1.3.0] AndroidManifest.xml:25:13-67
100            android:authorities="com.example.secondhandmarket.androidx-startup"
100-->[androidx.emoji2:emoji2:1.3.0] AndroidManifest.xml:26:13-68
101            android:exported="false" >
101-->[androidx.emoji2:emoji2:1.3.0] AndroidManifest.xml:27:13-37
102            <meta-data
102-->[androidx.emoji2:emoji2:1.3.0] AndroidManifest.xml:29:13-31:52
103                android:name="androidx.emoji2.text.EmojiCompatInitializer"
103-->[androidx.emoji2:emoji2:1.3.0] AndroidManifest.xml:30:17-75
104                android:value="androidx.startup" />
104-->[androidx.emoji2:emoji2:1.3.0] AndroidManifest.xml:31:17-49
105            <meta-data
105-->[androidx.lifecycle:lifecycle-process:2.6.2] AndroidManifest.xml:29:13-31:52
106                android:name="androidx.lifecycle.ProcessLifecycleInitializer"
106-->[androidx.lifecycle:lifecycle-process:2.6.2] AndroidManifest.xml:30:17-78
107                android:value="androidx.startup" />
107-->[androidx.lifecycle:lifecycle-process:2.6.2] AndroidManifest.xml:31:17-49
108            <meta-data
108-->[androidx.profileinstaller:profileinstaller:1.4.0] AndroidManifest.xml:29:13-31:52
109                android:name="androidx.profileinstaller.ProfileInstallerInitializer"
109-->[androidx.profileinstaller:profileinstaller:1.4.0] AndroidManifest.xml:30:17-85
110                android:value="androidx.startup" />
110-->[androidx.profileinstaller:profileinstaller:1.4.0] AndroidManifest.xml:31:17-49
111        </provider>
112
113        <uses-library
113-->[androidx.window:window:1.0.0] AndroidManifest.xml:25:9-27:40
114            android:name="androidx.window.extensions"
114-->[androidx.window:window:1.0.0] AndroidManifest.xml:26:13-54
115            android:required="false" />
115-->[androidx.window:window:1.0.0] AndroidManifest.xml:27:13-37
116        <uses-library
116-->[androidx.window:window:1.0.0] AndroidManifest.xml:28:9-30:40
117            android:name="androidx.window.sidecar"
117-->[androidx.window:window:1.0.0] AndroidManifest.xml:29:13-51
118            android:required="false" />
118-->[androidx.window:window:1.0.0] AndroidManifest.xml:30:13-37
119
120        <receiver
120-->[androidx.profileinstaller:profileinstaller:1.4.0] AndroidManifest.xml:34:9-52:20
121            android:name="androidx.profileinstaller.ProfileInstallReceiver"
121-->[androidx.profileinstaller:profileinstaller:1.4.0] AndroidManifest.xml:35:13-76
122            android:directBootAware="false"
122-->[androidx.profileinstaller:profileinstaller:1.4.0] AndroidManifest.xml:36:13-44
123            android:enabled="true"
123-->[androidx.profileinstaller:profileinstaller:1.4.0] AndroidManifest.xml:37:13-35
124            android:exported="true"
124-->[androidx.profileinstaller:profileinstaller:1.4.0] AndroidManifest.xml:38:13-36
125            android:permission="android.permission.DUMP" >
125-->[androidx.profileinstaller:profileinstaller:1.4.0] AndroidManifest.xml:39:13-57
126            <intent-filter>
126-->[androidx.profileinstaller:profileinstaller:1.4.0] AndroidManifest.xml:40:13-42:29
127                <action android:name="androidx.profileinstaller.action.INSTALL_PROFILE" />
127-->[androidx.profileinstaller:profileinstaller:1.4.0] AndroidManifest.xml:41:17-91
127-->[androidx.profileinstaller:profileinstaller:1.4.0] AndroidManifest.xml:41:25-88
128            </intent-filter>
129            <intent-filter>
129-->[androidx.profileinstaller:profileinstaller:1.4.0] AndroidManifest.xml:43:13-45:29
130                <action android:name="androidx.profileinstaller.action.SKIP_FILE" />
130-->[androidx.profileinstaller:profileinstaller:1.4.0] AndroidManifest.xml:44:17-85
130-->[androidx.profileinstaller:profileinstaller:1.4.0] AndroidManifest.xml:44:25-82
131            </intent-filter>
132            <intent-filter>
132-->[androidx.profileinstaller:profileinstaller:1.4.0] AndroidManifest.xml:46:13-48:29
133                <action android:name="androidx.profileinstaller.action.SAVE_PROFILE" />
133-->[androidx.profileinstaller:profileinstaller:1.4.0] AndroidManifest.xml:47:17-88
133-->[androidx.profileinstaller:profileinstaller:1.4.0] AndroidManifest.xml:47:25-85
134            </intent-filter>
135            <intent-filter>
135-->[androidx.profileinstaller:profileinstaller:1.4.0] AndroidManifest.xml:49:13-51:29
136                <action android:name="androidx.profileinstaller.action.BENCHMARK_OPERATION" />
136-->[androidx.profileinstaller:profileinstaller:1.4.0] AndroidManifest.xml:50:17-95
136-->[androidx.profileinstaller:profileinstaller:1.4.0] AndroidManifest.xml:50:25-92
137            </intent-filter>
138        </receiver>
139    </application>
140
141</manifest>